# JRE version: OpenJDK Runtime Environment Zulu24.32+13-CA (24.0.2+12) (build 24.0.2+12)
# Java VM: OpenJDK 64-Bit Server VM Zulu24.32+13-CA (24.0.2+12, mixed mode, sharing, tiered, compressed oops, compressed class ptrs, g1 gc, windows-amd64)
GC Precious Log:
 CardTable entry size: 512
 Card Set container configuration: InlinePtr #cards 4 size 8 Array Of Cards #cards 16 size 48 Howl #buckets 8 coarsen threshold 3686 Howl Bitmap #cards 512 size 80 coarsen threshold 460 Card regions per heap region 1 cards per card region 4096
 CPUs: 12 total, 12 available
 Memory: 15742M
 Large Page Support: Disabled
 NUMA Support: Disabled
 Compressed Oops: Enabled (Zero based)
 Heap Region Size: 2M
 Heap Min Capacity: 8M
 Heap Initial Capacity: 246M
 Heap Max Capacity: 3936M
 Pre-touch: Disabled
 Parallel Workers: 10
 Concurrent Workers: 3
 Concurrent Refinement Workers: 10
 Periodic GC: Disabled
Heap:
 garbage-first heap   total reserved 4030464K, committed 761856K, used 50921K [0x000000070a000000, 0x0000000800000000)
  region size 2048K, 18 young (36864K), 2 survivors (4096K)
 Metaspace       used 17213K, committed 17536K, reserved 1114112K
  class space    used 1599K, committed 1728K, reserved 1048576K
GC Heap History (20 events):
Event: 351.650 GC heap before
{Heap before GC invocations=6 (full 0):
 garbage-first heap   total reserved 4030464K, committed 253952K, used 24155K [0x000000070a000000, 0x0000000800000000)
  region size 2048K, 6 young (12288K), 1 survivors (2048K)
 Metaspace       used 16366K, committed 16640K, reserved 1114112K
  class space    used 1554K, committed 1664K, reserved 1048576K
}
Event: 351.651 GC heap after
{Heap after GC invocations=7 (full 0):
 garbage-first heap   total reserved 4030464K, committed 253952K, used 16011K [0x000000070a000000, 0x0000000800000000)
  region size 2048K, 1 young (2048K), 1 survivors (2048K)
 Metaspace       used 16366K, committed 16640K, reserved 1114112K
  class space    used 1554K, committed 1664K, reserved 1048576K
}
Event: 351.879 GC heap before
{Heap before GC invocations=7 (full 0):
 garbage-first heap   total reserved 4030464K, committed 253952K, used 24203K [0x000000070a000000, 0x0000000800000000)
  region size 2048K, 6 young (12288K), 1 survivors (2048K)
 Metaspace       used 16399K, committed 16704K, reserved 1114112K
  class space    used 1554K, committed 1664K, reserved 1048576K
}
Event: 351.879 GC heap after
{Heap after GC invocations=8 (full 0):
 garbage-first heap   total reserved 4030464K, committed 253952K, used 16161K [0x000000070a000000, 0x0000000800000000)
  region size 2048K, 1 young (2048K), 1 survivors (2048K)
 Metaspace       used 16399K, committed 16704K, reserved 1114112K
  class space    used 1554K, committed 1664K, reserved 1048576K
}
Event: 352.687 GC heap before
{Heap before GC invocations=8 (full 0):
 garbage-first heap   total reserved 4030464K, committed 253952K, used 26401K [0x000000070a000000, 0x0000000800000000)
  region size 2048K, 6 young (12288K), 1 survivors (2048K)
 Metaspace       used 16422K, committed 16704K, reserved 1114112K
  class space    used 1554K, committed 1664K, reserved 1048576K
}
Event: 352.688 GC heap after
{Heap after GC invocations=9 (full 0):
 garbage-first heap   total reserved 4030464K, committed 253952K, used 16169K [0x000000070a000000, 0x0000000800000000)
  region size 2048K, 1 young (2048K), 1 survivors (2048K)
 Metaspace       used 16422K, committed 16704K, reserved 1114112K
  class space    used 1554K, committed 1664K, reserved 1048576K
}
Event: 353.529 GC heap before
{Heap before GC invocations=9 (full 0):
 garbage-first heap   total reserved 4030464K, committed 253952K, used 26409K [0x000000070a000000, 0x0000000800000000)
  region size 2048K, 6 young (12288K), 1 survivors (2048K)
 Metaspace       used 16445K, committed 16704K, reserved 1114112K
  class space    used 1554K, committed 1664K, reserved 1048576K
}
Event: 353.543 GC heap after
{Heap after GC invocations=10 (full 0):
 garbage-first heap   total reserved 4030464K, committed 253952K, used 16347K [0x000000070a000000, 0x0000000800000000)
  region size 2048K, 1 young (2048K), 1 survivors (2048K)
 Metaspace       used 16445K, committed 16704K, reserved 1114112K
  class space    used 1554K, committed 1664K, reserved 1048576K
}
Event: 353.594 GC heap before
{Heap before GC invocations=10 (full 0):
 garbage-first heap   total reserved 4030464K, committed 253952K, used 26587K [0x000000070a000000, 0x0000000800000000)
  region size 2048K, 6 young (12288K), 1 survivors (2048K)
 Metaspace       used 16451K, committed 16704K, reserved 1114112K
  class space    used 1554K, committed 1664K, reserved 1048576K
}
Event: 354.107 GC heap after
{Heap after GC invocations=11 (full 0):
 garbage-first heap   total reserved 4030464K, committed 253952K, used 16341K [0x000000070a000000, 0x0000000800000000)
  region size 2048K, 1 young (2048K), 1 survivors (2048K)
 Metaspace       used 16451K, committed 16704K, reserved 1114112K
  class space    used 1554K, committed 1664K, reserved 1048576K
}
Event: 354.160 GC heap before
{Heap before GC invocations=11 (full 0):
 garbage-first heap   total reserved 4030464K, committed 253952K, used 26581K [0x000000070a000000, 0x0000000800000000)
  region size 2048K, 6 young (12288K), 1 survivors (2048K)
 Metaspace       used 16460K, committed 16704K, reserved 1114112K
  class space    used 1554K, committed 1664K, reserved 1048576K
}
Event: 355.539 GC heap after
{Heap after GC invocations=12 (full 0):
 garbage-first heap   total reserved 4030464K, committed 761856K, used 17018K [0x000000070a000000, 0x0000000800000000)
  region size 2048K, 1 young (2048K), 1 survivors (2048K)
 Metaspace       used 16460K, committed 16704K, reserved 1114112K
  class space    used 1554K, committed 1664K, reserved 1048576K
}
Event: 358.707 GC heap before
{Heap before GC invocations=12 (full 0):
 garbage-first heap   total reserved 4030464K, committed 761856K, used 51834K [0x000000070a000000, 0x0000000800000000)
  region size 2048K, 18 young (36864K), 1 survivors (2048K)
 Metaspace       used 16654K, committed 16896K, reserved 1114112K
  class space    used 1559K, committed 1664K, reserved 1048576K
}
Event: 358.847 GC heap after
{Heap after GC invocations=13 (full 0):
 garbage-first heap   total reserved 4030464K, committed 761856K, used 18757K [0x000000070a000000, 0x0000000800000000)
  region size 2048K, 2 young (4096K), 2 survivors (4096K)
 Metaspace       used 16654K, committed 16896K, reserved 1114112K
  class space    used 1559K, committed 1664K, reserved 1048576K
}
Event: 360.029 GC heap before
{Heap before GC invocations=13 (full 0):
 garbage-first heap   total reserved 4030464K, committed 761856K, used 51525K [0x000000070a000000, 0x0000000800000000)
  region size 2048K, 18 young (36864K), 2 survivors (4096K)
 Metaspace       used 16687K, committed 16960K, reserved 1114112K
  class space    used 1559K, committed 1664K, reserved 1048576K
}
Event: 360.031 GC heap after
{Heap after GC invocations=14 (full 0):
 garbage-first heap   total reserved 4030464K, committed 761856K, used 19671K [0x000000070a000000, 0x0000000800000000)
  region size 2048K, 3 young (6144K), 3 survivors (6144K)
 Metaspace       used 16687K, committed 16960K, reserved 1114112K
  class space    used 1559K, committed 1664K, reserved 1048576K
}
Event: 360.179 GC heap before
{Heap before GC invocations=14 (full 0):
 garbage-first heap   total reserved 4030464K, committed 761856K, used 50391K [0x000000070a000000, 0x0000000800000000)
  region size 2048K, 18 young (36864K), 3 survivors (6144K)
 Metaspace       used 16701K, committed 16960K, reserved 1114112K
  class space    used 1559K, committed 1664K, reserved 1048576K
}
Event: 360.181 GC heap after
{Heap after GC invocations=15 (full 0):
 garbage-first heap   total reserved 4030464K, committed 761856K, used 19870K [0x000000070a000000, 0x0000000800000000)
  region size 2048K, 2 young (4096K), 2 survivors (4096K)
 Metaspace       used 16701K, committed 16960K, reserved 1114112K
  class space    used 1559K, committed 1664K, reserved 1048576K
}
Event: 361.507 GC heap before
{Heap before GC invocations=15 (full 0):
 garbage-first heap   total reserved 4030464K, committed 761856K, used 52638K [0x000000070a000000, 0x0000000800000000)
  region size 2048K, 18 young (36864K), 2 survivors (4096K)
 Metaspace       used 16736K, committed 16960K, reserved 1114112K
  class space    used 1559K, committed 1664K, reserved 1048576K
}
Event: 361.509 GC heap after
{Heap after GC invocations=16 (full 0):
 garbage-first heap   total reserved 4030464K, committed 761856K, used 20201K [0x000000070a000000, 0x0000000800000000)
  region size 2048K, 2 young (4096K), 2 survivors (4096K)
 Metaspace       used 16736K, committed 16960K, reserved 1114112K
  class space    used 1559K, committed 1664K, reserved 1048576K
}

