# JRE version: OpenJDK Runtime Environment Zulu24.32+13-CA (24.0.2+12) (build 24.0.2+12)
# Java VM: OpenJDK 64-Bit Server VM Zulu24.32+13-CA (24.0.2+12, mixed mode, sharing, tiered, compressed oops, compressed class ptrs, g1 gc, windows-amd64)
GC Precious Log:
 CardTable entry size: 512
 Card Set container configuration: InlinePtr #cards 4 size 8 Array Of Cards #cards 16 size 48 Howl #buckets 8 coarsen threshold 3686 Howl Bitmap #cards 512 size 80 coarsen threshold 460 Card regions per heap region 1 cards per card region 4096
 CPUs: 12 total, 12 available
 Memory: 15742M
 Large Page Support: Disabled
 NUMA Support: Disabled
 Compressed Oops: Enabled (Zero based)
 Heap Region Size: 2M
 Heap Min Capacity: 8M
 Heap Initial Capacity: 246M
 Heap Max Capacity: 3936M
 Pre-touch: Disabled
 Parallel Workers: 10
 Concurrent Workers: 3
 Concurrent Refinement Workers: 10
 Periodic GC: Disabled
Heap:
 garbage-first heap   total reserved 4030464K, committed 253952K, used 144559K [0x000000070a000000, 0x0000000800000000)
  region size 2048K, 65 young (133120K), 2 survivors (4096K)
 Metaspace       used 16762K, committed 17088K, reserved 1114112K
  class space    used 1559K, committed 1664K, reserved 1048576K
GC Heap History (6 events):
Event: 11.623 GC heap before
{Heap before GC invocations=0 (full 0):
 garbage-first heap   total reserved 4030464K, committed 253952K, used 50288K [0x000000070a000000, 0x0000000800000000)
  region size 2048K, 24 young (49152K), 0 survivors (0K)
 Metaspace       used 9402K, committed 9664K, reserved 1114112K
  class space    used 846K, committed 960K, reserved 1048576K
}
Event: 11.635 GC heap after
{Heap after GC invocations=1 (full 0):
 garbage-first heap   total reserved 4030464K, committed 253952K, used 5616K [0x000000070a000000, 0x0000000800000000)
  region size 2048K, 3 young (6144K), 3 survivors (6144K)
 Metaspace       used 9402K, committed 9664K, reserved 1114112K
  class space    used 846K, committed 960K, reserved 1048576K
}
Event: 371.197 GC heap before
{Heap before GC invocations=1 (full 0):
 garbage-first heap   total reserved 4030464K, committed 253952K, used 114160K [0x000000070a000000, 0x0000000800000000)
  region size 2048K, 56 young (114688K), 3 survivors (6144K)
 Metaspace       used 16180K, committed 16448K, reserved 1114112K
  class space    used 1553K, committed 1664K, reserved 1048576K
}
Event: 371.271 GC heap after
{Heap after GC invocations=2 (full 0):
 garbage-first heap   total reserved 4030464K, committed 253952K, used 15472K [0x000000070a000000, 0x0000000800000000)
  region size 2048K, 7 young (14336K), 7 survivors (14336K)
 Metaspace       used 16180K, committed 16448K, reserved 1114112K
  class space    used 1553K, committed 1664K, reserved 1048576K
}
Event: 372.246 GC heap before
{Heap before GC invocations=2 (full 0):
 garbage-first heap   total reserved 4030464K, committed 253952K, used 113776K [0x000000070a000000, 0x0000000800000000)
  region size 2048K, 55 young (112640K), 7 survivors (14336K)
 Metaspace       used 16528K, committed 16768K, reserved 1114112K
  class space    used 1554K, committed 1664K, reserved 1048576K
}
Event: 372.257 GC heap after
{Heap after GC invocations=3 (full 0):
 garbage-first heap   total reserved 4030464K, committed 253952K, used 17583K [0x000000070a000000, 0x0000000800000000)
  region size 2048K, 2 young (4096K), 2 survivors (4096K)
 Metaspace       used 16528K, committed 16768K, reserved 1114112K
  class space    used 1554K, committed 1664K, reserved 1048576K
}

